0 info it worked if it ends with ok
1 verbose cli [ '/usr/local/bin/node', '/usr/local/bin/npm', 'run', 'boom' ]
2 info using npm@3.10.10
3 info using node@v6.11.3
4 verbose run-script [ 'preboom', 'boom', 'postboom' ]
5 info lifecycle 5-basilica@1.0.0~preboom: 5-basilica@1.0.0
6 silly lifecycle 5-basilica@1.0.0~preboom: no script for preboom, continuing
7 info lifecycle 5-basilica@1.0.0~boom: 5-basilica@1.0.0
8 verbose lifecycle 5-basilica@1.0.0~boom: unsafe-perm in lifecycle true
9 verbose lifecycle 5-basilica@1.0.0~boom: PATH: /usr/local/lib/node_modules/npm/bin/node-gyp-bin:/Users/nyusps/Desktop/5-basilica/node_modules/.bin:/usr/local/bin:/usr/bin:/bin:/usr/sbin:/sbin:/Applications/Wireshark.app/Contents/MacOS
10 verbose lifecycle 5-basilica@1.0.0~boom: CWD: /Users/nyusps/Desktop/5-basilica
11 silly lifecycle 5-basilica@1.0.0~boom: Args: [ '-c', 'console.log(\'hi\')' ]
12 silly lifecycle 5-basilica@1.0.0~boom: Returned: code: 2  signal: null
13 info lifecycle 5-basilica@1.0.0~boom: Failed to exec boom script
14 verbose stack Error: 5-basilica@1.0.0 boom: `console.log('hi')`
14 verbose stack Exit status 2
14 verbose stack     at EventEmitter.<anonymous> (/usr/local/lib/node_modules/npm/lib/utils/lifecycle.js:255:16)
14 verbose stack     at emitTwo (events.js:106:13)
14 verbose stack     at EventEmitter.emit (events.js:191:7)
14 verbose stack     at ChildProcess.<anonymous> (/usr/local/lib/node_modules/npm/lib/utils/spawn.js:40:14)
14 verbose stack     at emitTwo (events.js:106:13)
14 verbose stack     at ChildProcess.emit (events.js:191:7)
14 verbose stack     at maybeClose (internal/child_process.js:920:16)
14 verbose stack     at Process.ChildProcess._handle.onexit (internal/child_process.js:230:5)
15 verbose pkgid 5-basilica@1.0.0
16 verbose cwd /Users/nyusps/Desktop/5-basilica
17 error Darwin 17.7.0
18 error argv "/usr/local/bin/node" "/usr/local/bin/npm" "run" "boom"
19 error node v6.11.3
20 error npm  v3.10.10
21 error code ELIFECYCLE
22 error 5-basilica@1.0.0 boom: `console.log('hi')`
22 error Exit status 2
23 error Failed at the 5-basilica@1.0.0 boom script 'console.log('hi')'.
23 error Make sure you have the latest version of node.js and npm installed.
23 error If you do, this is most likely a problem with the 5-basilica package,
23 error not with npm itself.
23 error Tell the author that this fails on your system:
23 error     console.log('hi')
23 error You can get information on how to open an issue for this project with:
23 error     npm bugs 5-basilica
23 error Or if that isn't available, you can get their info via:
23 error     npm owner ls 5-basilica
23 error There is likely additional logging output above.
24 verbose exit [ 1, true ]
